2024-09-29T23:54:54.858Z : admin joined map-1
2024-09-29T23:55:11.887Z : admin joined map-1
2024-09-29T23:55:13.692Z : admin joined map-1
2024-09-29T23:55:16.468Z : admin joined map-1
2024-09-29T23:55:17.895Z : admin joined map-1
2024-09-29T23:55:19.838Z : admin disconnected from the game.
2024-09-29T23:55:41.650Z : admin joined map-1
2024-09-29T23:55:45.581Z : admin joined map-1
2024-09-29T23:55:50.514Z : admin joined map-1
2024-09-29T23:55:53.645Z : admin disconnected from the game.
2024-09-29T23:58:00.749Z : admin joined map-1
2024-09-30T00:01:29.185Z : admin2 joined map-1
2024-09-30T00:01:29.194Z : admin transmitted its position to NnuTnp2vSjh8Il5KAAAD
2024-09-30T00:01:55.872Z : admin2 joined map-1
2024-09-30T00:01:55.876Z : admin transmitted its position to NnuTnp2vSjh8Il5KAAAD
2024-09-30T00:02:00.666Z : admin2 joined map-1
2024-09-30T00:02:00.666Z : admin transmitted its position to NnuTnp2vSjh8Il5KAAAD
2024-09-30T00:02:12.035Z : admin2 joined map-1
2024-09-30T00:02:12.035Z : admin transmitted its position to NnuTnp2vSjh8Il5KAAAD
2024-09-30T00:02:13.631Z : admin2 joined map-1
2024-09-30T00:02:13.633Z : admin transmitted its position to NnuTnp2vSjh8Il5KAAAD
2024-09-30T00:02:24.761Z : admin transmitted its position to NnuTnp2vSjh8Il5KAAAD
2024-09-30T00:02:24.760Z : admin2 joined map-1
2024-09-30T00:02:29.086Z : admin2 disconnected from the game.
2024-09-30T00:02:31.045Z : admin disconnected from the game.
